Command: vcs -full64 +vcs+lic+wait -sverilog -R -l vcs.log -override_timescale=1ps/1ps \
../../rtl/verilog/fault_sm.v ../../rtl/verilog/generic_fifo_ctrl.v ../../rtl/verilog/generic_fifo.v \
../../rtl/verilog/generic_mem_medium.v ../../rtl/verilog/generic_mem_small.v ../../rtl/verilog/meta_sync_single.v \
../../rtl/verilog/meta_sync.v ../../rtl/verilog/rx_data_fifo.v ../../rtl/verilog/rx_dequeue.v \
../../rtl/verilog/rx_enqueue.v ../../rtl/verilog/rx_hold_fifo.v ../../rtl/verilog/sync_clk_core.v \
../../rtl/verilog/sync_clk_wb.v ../../rtl/verilog/sync_clk_xgmii_tx.v ../../rtl/verilog/tx_data_fifo.v \
../../rtl/verilog/tx_dequeue.v ../../rtl/verilog/tx_enqueue.v ../../rtl/verilog/tx_hold_fifo.v \
../../rtl/verilog/wishbone_if.v ../../rtl/verilog/xge_mac.v +incdir+../../rtl/include \
../../testbench/verilog/testbench.sv -cm line+cond+branch+fsm+tgl -cm path -lca -cm_log \
./coverage.log -cm_dir ./COVERAGE
                         Chronologic VCS (TM)
       Version L-2016.06-SP1_Full64 -- Fri Feb  9 12:49:14 2018
               Copyright (c) 1991-2016 by Synopsys Inc.
                         ALL RIGHTS RESERVED

This program is proprietary and confidential information of Synopsys Inc.
and may be used and disclosed only as authorized in a license agreement
controlling such use and disclosure.


Warning-[LCA_FEATURES_ENABLED] Usage warning
  LCA features enabled by '-lca' argument on the command line.  For more 
  information regarding list of LCA features please refer to Chapter "LCA 
  features" in the VCS/VCS-MX Release Notes

Parsing design file '../../rtl/verilog/fault_sm.v'
Parsing included file '../../rtl/include/defines.v'.
Back to file '../../rtl/verilog/fault_sm.v'.
Parsing design file '../../rtl/verilog/generic_fifo_ctrl.v'
Parsing design file '../../rtl/verilog/generic_fifo.v'
Parsing included file '../../rtl/include/defines.v'.
Back to file '../../rtl/verilog/generic_fifo.v'.
Parsing design file '../../rtl/verilog/generic_mem_medium.v'
Parsing design file '../../rtl/verilog/generic_mem_small.v'
Parsing design file '../../rtl/verilog/meta_sync_single.v'
Parsing design file '../../rtl/verilog/meta_sync.v'
Parsing design file '../../rtl/verilog/rx_data_fifo.v'
Parsing included file '../../rtl/include/defines.v'.
Back to file '../../rtl/verilog/rx_data_fifo.v'.
Parsing design file '../../rtl/verilog/rx_dequeue.v'
Parsing included file '../../rtl/include/defines.v'.
Back to file '../../rtl/verilog/rx_dequeue.v'.
Parsing design file '../../rtl/verilog/rx_enqueue.v'
Parsing included file '../../rtl/include/defines.v'.
Back to file '../../rtl/verilog/rx_enqueue.v'.
Parsing included file '../../rtl/include/CRC32_D64.v'.
Back to file '../../rtl/verilog/rx_enqueue.v'.
Parsing included file '../../rtl/include/CRC32_D8.v'.
Back to file '../../rtl/verilog/rx_enqueue.v'.
Parsing included file '../../rtl/include/utils.v'.
Back to file '../../rtl/verilog/rx_enqueue.v'.
Parsing design file '../../rtl/verilog/rx_hold_fifo.v'
Parsing included file '../../rtl/include/defines.v'.
Back to file '../../rtl/verilog/rx_hold_fifo.v'.
Parsing design file '../../rtl/verilog/sync_clk_core.v'
Parsing included file '../../rtl/include/defines.v'.
Back to file '../../rtl/verilog/sync_clk_core.v'.
Parsing design file '../../rtl/verilog/sync_clk_wb.v'
Parsing included file '../../rtl/include/defines.v'.
Back to file '../../rtl/verilog/sync_clk_wb.v'.
Parsing design file '../../rtl/verilog/sync_clk_xgmii_tx.v'
Parsing included file '../../rtl/include/defines.v'.
Back to file '../../rtl/verilog/sync_clk_xgmii_tx.v'.
Parsing design file '../../rtl/verilog/tx_data_fifo.v'
Parsing included file '../../rtl/include/defines.v'.
Back to file '../../rtl/verilog/tx_data_fifo.v'.
Parsing design file '../../rtl/verilog/tx_dequeue.v'
Parsing included file '../../rtl/include/defines.v'.
Back to file '../../rtl/verilog/tx_dequeue.v'.
Parsing included file '../../rtl/include/CRC32_D64.v'.
Back to file '../../rtl/verilog/tx_dequeue.v'.
Parsing included file '../../rtl/include/CRC32_D8.v'.
Back to file '../../rtl/verilog/tx_dequeue.v'.
Parsing included file '../../rtl/include/utils.v'.
Back to file '../../rtl/verilog/tx_dequeue.v'.
Parsing design file '../../rtl/verilog/tx_enqueue.v'
Parsing included file '../../rtl/include/defines.v'.
Back to file '../../rtl/verilog/tx_enqueue.v'.
Parsing included file '../../rtl/include/CRC32_D64.v'.
Back to file '../../rtl/verilog/tx_enqueue.v'.
Parsing included file '../../rtl/include/CRC32_D8.v'.
Back to file '../../rtl/verilog/tx_enqueue.v'.
Parsing included file '../../rtl/include/utils.v'.
Back to file '../../rtl/verilog/tx_enqueue.v'.
Parsing design file '../../rtl/verilog/tx_hold_fifo.v'
Parsing included file '../../rtl/include/defines.v'.
Back to file '../../rtl/verilog/tx_hold_fifo.v'.
Parsing design file '../../rtl/verilog/wishbone_if.v'
Parsing included file '../../rtl/include/defines.v'.
Back to file '../../rtl/verilog/wishbone_if.v'.
Parsing design file '../../rtl/verilog/xge_mac.v'
Parsing included file '../../rtl/include/defines.v'.
Back to file '../../rtl/verilog/xge_mac.v'.
Parsing design file '../../testbench/verilog/testbench.sv'
Parsing included file '../../rtl/include/timescale.v'.
Back to file '../../testbench/verilog/testbench.sv'.
Parsing included file '../../rtl/include/defines.v'.
Back to file '../../testbench/verilog/testbench.sv'.
Parsing included file '/home/sf100212/SV_Project/testcases/oversize_packet/testcase6.sv'.
Parsing included file '../../rtl/include/timescale.v'.
Back to file '/home/sf100212/SV_Project/testcases/oversize_packet/testcase6.sv'.
Parsing included file '/home/sf100212/SV_Project/testbench/verilog/xge_interface.sv'.
Parsing included file '../../rtl/include/timescale.v'.
Back to file '/home/sf100212/SV_Project/testbench/verilog/xge_interface.sv'.
Back to file '/home/sf100212/SV_Project/testcases/oversize_packet/testcase6.sv'.
Parsing included file '/home/sf100212/SV_Project/testbench/verilog/env.sv'.
Parsing included file '/home/sf100212/SV_Project/testbench/verilog/packet.sv'.
Back to file '/home/sf100212/SV_Project/testbench/verilog/env.sv'.
Parsing included file '/home/sf100212/SV_Project/testbench/verilog/driver.sv'.
Back to file '/home/sf100212/SV_Project/testbench/verilog/env.sv'.
Parsing included file '/home/sf100212/SV_Project/testbench/verilog/monitor.sv'.
Back to file '/home/sf100212/SV_Project/testbench/verilog/env.sv'.
Parsing included file '/home/sf100212/SV_Project/testbench/verilog/scoreboard.sv'.
Parsing included file '/home/sf100212/SV_Project/testbench/verilog/coverage.sv'.
Back to file '/home/sf100212/SV_Project/testbench/verilog/scoreboard.sv'.
Back to file '/home/sf100212/SV_Project/testbench/verilog/env.sv'.
Back to file '/home/sf100212/SV_Project/testcases/oversize_packet/testcase6.sv'.
Back to file '../../testbench/verilog/testbench.sv'.
Top Level Modules:
       tb
TimeScale is 1 ps / 1 ps
VCS Coverage Metrics Release L-2016.06-SP1_Full64 Copyright (c) 1991-2016 by Synopsys Inc.

Warning-[VCM-PCPI] Path Coverage performance impact
  The switch "-cm path" can impact performance when enabled on entire design. 
  Please enable path coverage for only selected modules or hierarchies using 
  the -cm_hier <hier_config>. Please refer to VCS Coverage document for usage 
  of "-cm_hier"

Notice: Ports coerced to inout, use -notice for details
Starting vcs inline pass...
12 unique modules to generate
recompiling module testcase
	However, due to incremental compilation, only 1 module needs to be compiled. 
rm -f _csrc*.so pre_vcsobj_*.so share_vcsobj_*.so
ld -shared  -o .//../simv.daidir//_csrc0.so objs/amcQw_d.o 
rm -f _csrc0.so
if [ -x ../simv ]; then chmod -x ../simv; fi
g++  -o ../simv   -Wl,-rpath-link=./ -Wl,-rpath='$ORIGIN'/simv.daidir/ -Wl,-rpath=./simv.daidir/ \
-Wl,-rpath='$ORIGIN'/simv.daidir//scsim.db.dir  -rdynamic     _21435_archive_1.so \
_prev_archive_1.so _csrc0.so  SIM_l.o  _csrc0.so     rmapats_mop.o rmapats.o rmar.o \
rmar_llvm_0_1.o rmar_llvm_0_0.o          /usr/synopsys/vcs-mx_L-2016.06-SP1/linux64/lib/libzerosoft_rt_stubs.so \
/usr/synopsys/vcs-mx_L-2016.06-SP1/linux64/lib/libvirsim.so /usr/synopsys/vcs-mx_L-2016.06-SP1/linux64/lib/liberrorinf.so \
/usr/synopsys/vcs-mx_L-2016.06-SP1/linux64/lib/libsnpsmalloc.so    /usr/synopsys/vcs-mx_L-2016.06-SP1/linux64/lib/libvcsnew.so \
/usr/synopsys/vcs-mx_L-2016.06-SP1/linux64/lib/libsimprofile.so /usr/synopsys/vcs-mx_L-2016.06-SP1/linux64/lib/libreader_common.so \
/usr/synopsys/vcs-mx_L-2016.06-SP1/linux64/lib/libBA.a /usr/synopsys/vcs-mx_L-2016.06-SP1/linux64/lib/libuclinative.so \
-Wl,-whole-archive /usr/synopsys/vcs-mx_L-2016.06-SP1/linux64/lib/libvcsucli.so -Wl,-no-whole-archive \
/usr/synopsys/vcs-mx_L-2016.06-SP1/linux64/lib/vcs_save_restore_new.o -ldl  -lc -lm \
-lpthread -ldl 
../simv up to date
Command: ./simv +vcs+lic+wait -a vcs.log -cm_runsilent -cm line+cond+branch+fsm+tgl -cm_runsilent -cm path -lca -cm_runsilent -cm_runsilent -cm_dir ./COVERAGE
Chronologic VCS simulator copyright 1991-2016
Contains Synopsys proprietary information.
Compiler version L-2016.06-SP1_Full64; Runtime version L-2016.06-SP1_Full64;  Feb  9 12:49 2018
time = 50000: Sending packet ... 
============================PACKET # 1======================
time = 50000: Collecting packet ... 
time = 50000: Comparing packet ... 
time = 124800:  Packet SENT: DST ADDR =53e23858adca, SRC ADDR =c68010eca25e, ETHER TYPE =86dd, PAYLOAD SIZE =00000052
 
time = 124800:  Packet SENT: payload=cff2d2a0_4189a3cf
time = 124800:  Packet SENT: payload=71362df3_ffecd446
time = 124800:  Packet SENT: payload=d6f3d5d2_fc488117
time = 124800:  Packet SENT: payload=8a244560_718fae14
time = 124800:  Packet SENT: payload=0ecd232d_c560597e
time = 124800:  Packet SENT: payload=4c6afbcb_fe4a8839
time = 124800:  Packet SENT: payload=dab092ba_338efcf8
time = 124800:  Packet SENT: payload=b81a423d_9ab668ee
time = 124800:  Packet SENT: payload=58f6de74_ba62f9a4
time = 124800:  Packet SENT: payload=696171d8_7fce248b
time = 124800:  Packet SENT: payload=041c0000_00000000
============================PACKET # 2======================
time = 265600:  Packet SENT: DST ADDR =8009b755da66, SRC ADDR =ed8b7d821a18, ETHER TYPE =86dd, PAYLOAD SIZE =00000042
 
time = 265600:  Packet SENT: payload=50aaae57_73a5f7b4
time = 265600:  Packet SENT: payload=b5268f17_0a7c8099
time = 265600:  Packet SENT: payload=629f38ce_a495c514
time = 265600:  Packet SENT: payload=a84142f2_964ffd7f
time = 265600:  Packet SENT: payload=a2c470d9_5d3a29b4
time = 265600:  Packet SENT: payload=8d302bd9_fe180286
time = 265600:  Packet SENT: payload=7f309867_c4002d99
time = 265600:  Packet SENT: payload=3bbb6ee2_f70c1b6a
time = 265600:  Packet SENT: payload=63500000_00000000
============================PACKET # 3======================
============================PACKET RECEIVED======================
time = 387200:  Packet RECEIVE: DST ADDR =53e23858adca, SRC ADDR =c68010eca25e, ETHER TYPE =86dd, PAYLOAD SIZE =00000052
 
time = 387200:  Packet RECEIVE: payload=cff2d2a0_4189a3cf
time = 387200:  Packet RECEIVE: payload=71362df3_ffecd446
time = 387200:  Packet RECEIVE: payload=d6f3d5d2_fc488117
time = 387200:  Packet RECEIVE: payload=8a244560_718fae14
time = 387200:  Packet RECEIVE: payload=0ecd232d_c560597e
time = 387200:  Packet RECEIVE: payload=4c6afbcb_fe4a8839
time = 387200:  Packet RECEIVE: payload=dab092ba_338efcf8
time = 387200:  Packet RECEIVE: payload=b81a423d_9ab668ee
time = 387200:  Packet RECEIVE: payload=58f6de74_ba62f9a4
time = 387200:  Packet RECEIVE: payload=696171d8_7fce248b
time = 387200:  Packet RECEIVE: payload=041c0000_00000000
time=387200 ------------SCOREBOARD: PACKET VERIFIED-------

time = 406400:  Packet SENT: DST ADDR =82b324b829cf, SRC ADDR =388c94e05e88, ETHER TYPE =0800, PAYLOAD SIZE =00000042
 
time = 406400:  Packet SENT: payload=7f247508_fdfa1bfb
time = 406400:  Packet SENT: payload=42d93b46_3bb3e400
time = 406400:  Packet SENT: payload=079bd5d4_9c15adfa
time = 406400:  Packet SENT: payload=77535808_645fe1e9
time = 406400:  Packet SENT: payload=eaa0ccd1_fff15c0b
time = 406400:  Packet SENT: payload=20a4aa22_ac593600
time = 406400:  Packet SENT: payload=33b10a86_af68e293
time = 406400:  Packet SENT: payload=5e9d7bc4_156c2a11
time = 406400:  Packet SENT: payload=0d620000_00000000
============================PACKET # 4======================
============================PACKET RECEIVED======================
time = 534400:  Packet RECEIVE: DST ADDR =8009b755da66, SRC ADDR =ed8b7d821a18, ETHER TYPE =86dd, PAYLOAD SIZE =00000042
 
time = 534400:  Packet RECEIVE: payload=50aaae57_73a5f7b4
time = 534400:  Packet RECEIVE: payload=b5268f17_0a7c8099
time = 534400:  Packet RECEIVE: payload=629f38ce_a495c514
time = 534400:  Packet RECEIVE: payload=a84142f2_964ffd7f
time = 534400:  Packet RECEIVE: payload=a2c470d9_5d3a29b4
time = 534400:  Packet RECEIVE: payload=8d302bd9_fe180286
time = 534400:  Packet RECEIVE: payload=7f309867_c4002d99
time = 534400:  Packet RECEIVE: payload=3bbb6ee2_f70c1b6a
time = 534400:  Packet RECEIVE: payload=63500000_00000000
time=534400 ------------SCOREBOARD: PACKET VERIFIED-------

time = 560000:  Packet SENT: DST ADDR =b655e0ae5d90, SRC ADDR =06437b5e187e, ETHER TYPE =86dd, PAYLOAD SIZE =00000052
 
time = 560000:  Packet SENT: payload=f7457879_877da133
time = 560000:  Packet SENT: payload=b667a060_0ef115aa
time = 560000:  Packet SENT: payload=953d4289_6c130794
time = 560000:  Packet SENT: payload=49da6f35_636384ec
time = 560000:  Packet SENT: payload=db28b35a_94c18e77
time = 560000:  Packet SENT: payload=9699d852_7d73a27e
time = 560000:  Packet SENT: payload=9556a2f1_55bc41c7
time = 560000:  Packet SENT: payload=e830ac4a_79585599
time = 560000:  Packet SENT: payload=5e60200a_be09fed9
time = 560000:  Packet SENT: payload=775eb66b_77c7d64a
time = 560000:  Packet SENT: payload=e1fe0000_00000000
============================PACKET # 5======================
============================PACKET RECEIVED======================
time = 675200:  Packet RECEIVE: DST ADDR =82b324b829cf, SRC ADDR =388c94e05e88, ETHER TYPE =0800, PAYLOAD SIZE =00000042
 
time = 675200:  Packet RECEIVE: payload=7f247508_fdfa1bfb
time = 675200:  Packet RECEIVE: payload=42d93b46_3bb3e400
time = 675200:  Packet RECEIVE: payload=079bd5d4_9c15adfa
time = 675200:  Packet RECEIVE: payload=77535808_645fe1e9
time = 675200:  Packet RECEIVE: payload=eaa0ccd1_fff15c0b
time = 675200:  Packet RECEIVE: payload=20a4aa22_ac593600
time = 675200:  Packet RECEIVE: payload=33b10a86_af68e293
time = 675200:  Packet RECEIVE: payload=5e9d7bc4_156c2a11
time = 675200:  Packet RECEIVE: payload=0d620000_00000000
time=675200 ------------SCOREBOARD: PACKET VERIFIED-------

time = 694400:  Packet SENT: DST ADDR =e98e342a4fcd, SRC ADDR =37a9e40f9e9b, ETHER TYPE =0800, PAYLOAD SIZE =0000003a
 
time = 694400:  Packet SENT: payload=68fee54a_c735c6fa
time = 694400:  Packet SENT: payload=1beb38eb_99c31bcb
time = 694400:  Packet SENT: payload=d649baaf_d539e014
time = 694400:  Packet SENT: payload=5685d6bc_fa2a275d
time = 694400:  Packet SENT: payload=99ea9744_946f4c25
time = 694400:  Packet SENT: payload=13c4bdac_6baa6d16
time = 694400:  Packet SENT: payload=fcc4fc5c_d6deae67
time = 694400:  Packet SENT: payload=b9420000_00000000
============================PACKET # 6======================
time = 828800:  Packet SENT: DST ADDR =df91c826329f, SRC ADDR =d1f0bb6bfc89, ETHER TYPE =0806, PAYLOAD SIZE =0000003a
 
time = 828800:  Packet SENT: payload=5b95c209_dd1e1681
time = 828800:  Packet SENT: payload=1a6a91a3_5ee94227
time = 828800:  Packet SENT: payload=669abb11_d76c3f9a
time = 828800:  Packet SENT: payload=f577dece_9b40db63
time = 828800:  Packet SENT: payload=32f830b3_f73d784a
time = 828800:  Packet SENT: payload=55c261ba_d4d820b2
time = 828800:  Packet SENT: payload=0354170d_c79d3343
time = 828800:  Packet SENT: payload=881f0000_00000000
============================PACKET RECEIVED======================
time = 828800:  Packet RECEIVE: DST ADDR =b655e0ae5d90, SRC ADDR =06437b5e187e, ETHER TYPE =86dd, PAYLOAD SIZE =00000052
 
time = 828800:  Packet RECEIVE: payload=f7457879_877da133
time = 828800:  Packet RECEIVE: payload=b667a060_0ef115aa
time = 828800:  Packet RECEIVE: payload=953d4289_6c130794
time = 828800:  Packet RECEIVE: payload=49da6f35_636384ec
time = 828800:  Packet RECEIVE: payload=db28b35a_94c18e77
time = 828800:  Packet RECEIVE: payload=9699d852_7d73a27e
time = 828800:  Packet RECEIVE: payload=9556a2f1_55bc41c7
time = 828800:  Packet RECEIVE: payload=e830ac4a_79585599
time = 828800:  Packet RECEIVE: payload=5e60200a_be09fed9
time = 828800:  Packet RECEIVE: payload=775eb66b_77c7d64a
time = 828800:  Packet RECEIVE: payload=e1fe0000_00000000
time=828800 ------------SCOREBOARD: PACKET VERIFIED-------

============================PACKET # 7======================
============================PACKET RECEIVED======================
time = 963200:  Packet RECEIVE: DST ADDR =e98e342a4fcd, SRC ADDR =37a9e40f9e9b, ETHER TYPE =0800, PAYLOAD SIZE =0000003a
 
time = 963200:  Packet RECEIVE: payload=68fee54a_c735c6fa
time = 963200:  Packet RECEIVE: payload=1beb38eb_99c31bcb
time = 963200:  Packet RECEIVE: payload=d649baaf_d539e014
time = 963200:  Packet RECEIVE: payload=5685d6bc_fa2a275d
time = 963200:  Packet RECEIVE: payload=99ea9744_946f4c25
time = 963200:  Packet RECEIVE: payload=13c4bdac_6baa6d16
time = 963200:  Packet RECEIVE: payload=fcc4fc5c_d6deae67
time = 963200:  Packet RECEIVE: payload=b9420000_00000000
time=963200 ------------SCOREBOARD: PACKET VERIFIED-------

time = 969600:  Packet SENT: DST ADDR =8740764f9130, SRC ADDR =a56bd66c3728, ETHER TYPE =86dd, PAYLOAD SIZE =00000042
 
time = 969600:  Packet SENT: payload=da033425_cce0b46d
time = 969600:  Packet SENT: payload=95b1e5bb_d702a8f9
time = 969600:  Packet SENT: payload=f6b77489_0bb0d9ef
time = 969600:  Packet SENT: payload=6e3e91d7_7059cbe2
time = 969600:  Packet SENT: payload=17491d3a_f9a41e21
time = 969600:  Packet SENT: payload=cee7995a_18676f2c
time = 969600:  Packet SENT: payload=254c99d3_009faa29
time = 969600:  Packet SENT: payload=e14f6201_7ed36eee
time = 969600:  Packet SENT: payload=e12e0000_00000000
============================PACKET # 8======================
============================PACKET RECEIVED======================
time = 1097600:  Packet RECEIVE: DST ADDR =df91c826329f, SRC ADDR =d1f0bb6bfc89, ETHER TYPE =0806, PAYLOAD SIZE =0000003a
 
time = 1097600:  Packet RECEIVE: payload=5b95c209_dd1e1681
time = 1097600:  Packet RECEIVE: payload=1a6a91a3_5ee94227
time = 1097600:  Packet RECEIVE: payload=669abb11_d76c3f9a
time = 1097600:  Packet RECEIVE: payload=f577dece_9b40db63
time = 1097600:  Packet RECEIVE: payload=32f830b3_f73d784a
time = 1097600:  Packet RECEIVE: payload=55c261ba_d4d820b2
time = 1097600:  Packet RECEIVE: payload=0354170d_c79d3343
time = 1097600:  Packet RECEIVE: payload=881f0000_00000000
time=1097600 ------------SCOREBOARD: PACKET VERIFIED-------

time = 1110400:  Packet SENT: DST ADDR =82cce8d78eec, SRC ADDR =89dd020b7412, ETHER TYPE =0806, PAYLOAD SIZE =00000042
 
time = 1110400:  Packet SENT: payload=a1a12f5e_80a96c91
time = 1110400:  Packet SENT: payload=aec3ce75_86e39605
time = 1110400:  Packet SENT: payload=ca241b96_fe681920
time = 1110400:  Packet SENT: payload=cce352e8_0a056697
time = 1110400:  Packet SENT: payload=97a09308_2e522cd5
time = 1110400:  Packet SENT: payload=024cf038_04c08dc4
time = 1110400:  Packet SENT: payload=3ddc4c1a_75c20bbc
time = 1110400:  Packet SENT: payload=29141039_c2bb1cf8
time = 1110400:  Packet SENT: payload=d22d0000_00000000
============================PACKET # 9======================
============================PACKET RECEIVED======================
time = 1238400:  Packet RECEIVE: DST ADDR =8740764f9130, SRC ADDR =a56bd66c3728, ETHER TYPE =86dd, PAYLOAD SIZE =00000042
 
time = 1238400:  Packet RECEIVE: payload=da033425_cce0b46d
time = 1238400:  Packet RECEIVE: payload=95b1e5bb_d702a8f9
time = 1238400:  Packet RECEIVE: payload=f6b77489_0bb0d9ef
time = 1238400:  Packet RECEIVE: payload=6e3e91d7_7059cbe2
time = 1238400:  Packet RECEIVE: payload=17491d3a_f9a41e21
time = 1238400:  Packet RECEIVE: payload=cee7995a_18676f2c
time = 1238400:  Packet RECEIVE: payload=254c99d3_009faa29
time = 1238400:  Packet RECEIVE: payload=e14f6201_7ed36eee
time = 1238400:  Packet RECEIVE: payload=e12e0000_00000000
time=1238400 ------------SCOREBOARD: PACKET VERIFIED-------

time = 1251200:  Packet SENT: DST ADDR =f8817a121664, SRC ADDR =55aea27e0338, ETHER TYPE =0800, PAYLOAD SIZE =00000042
 
time = 1251200:  Packet SENT: payload=d4a325c6_c246b13a
time = 1251200:  Packet SENT: payload=2f8be6bf_3ceb2dd7
time = 1251200:  Packet SENT: payload=89ee2e32_16254f65
time = 1251200:  Packet SENT: payload=347b8fb9_48c5a100
time = 1251200:  Packet SENT: payload=4615f6c7_881ed5c6
time = 1251200:  Packet SENT: payload=f0958624_5a062820
time = 1251200:  Packet SENT: payload=065d108b_33c81de0
time = 1251200:  Packet SENT: payload=02c6bef1_5e60f330
time = 1251200:  Packet SENT: payload=6f190000_00000000
============================PACKET #10======================
============================PACKET RECEIVED======================
time = 1379200:  Packet RECEIVE: DST ADDR =82cce8d78eec, SRC ADDR =89dd020b7412, ETHER TYPE =0806, PAYLOAD SIZE =00000042
 
time = 1379200:  Packet RECEIVE: payload=a1a12f5e_80a96c91
time = 1379200:  Packet RECEIVE: payload=aec3ce75_86e39605
time = 1379200:  Packet RECEIVE: payload=ca241b96_fe681920
time = 1379200:  Packet RECEIVE: payload=cce352e8_0a056697
time = 1379200:  Packet RECEIVE: payload=97a09308_2e522cd5
time = 1379200:  Packet RECEIVE: payload=024cf038_04c08dc4
time = 1379200:  Packet RECEIVE: payload=3ddc4c1a_75c20bbc
time = 1379200:  Packet RECEIVE: payload=29141039_c2bb1cf8
time = 1379200:  Packet RECEIVE: payload=d22d0000_00000000
time=1379200 ------------SCOREBOARD: PACKET VERIFIED-------

time = 1392000:  Packet SENT: DST ADDR =28a1f4bbd058, SRC ADDR =d4e41916b272, ETHER TYPE =0800, PAYLOAD SIZE =00000042
 
time = 1392000:  Packet SENT: payload=05563128_927a9a41
time = 1392000:  Packet SENT: payload=f42ee34e_82ccc60a
time = 1392000:  Packet SENT: payload=5ba25762_46b81467
time = 1392000:  Packet SENT: payload=a23e4274_c5f5a449
time = 1392000:  Packet SENT: payload=e031b7d1_17f94983
time = 1392000:  Packet SENT: payload=d4815c58_56d5023e
time = 1392000:  Packet SENT: payload=b97ca9bb_8434a453
time = 1392000:  Packet SENT: payload=fd14e34d_8dc43474
time = 1392000:  Packet SENT: payload=e6c20000_00000000
============================PACKET #11======================
============================PACKET RECEIVED======================
time = 1520000:  Packet RECEIVE: DST ADDR =f8817a121664, SRC ADDR =55aea27e0338, ETHER TYPE =0800, PAYLOAD SIZE =00000042
 
time = 1520000:  Packet RECEIVE: payload=d4a325c6_c246b13a
time = 1520000:  Packet RECEIVE: payload=2f8be6bf_3ceb2dd7
time = 1520000:  Packet RECEIVE: payload=89ee2e32_16254f65
time = 1520000:  Packet RECEIVE: payload=347b8fb9_48c5a100
time = 1520000:  Packet RECEIVE: payload=4615f6c7_881ed5c6
time = 1520000:  Packet RECEIVE: payload=f0958624_5a062820
time = 1520000:  Packet RECEIVE: payload=065d108b_33c81de0
time = 1520000:  Packet RECEIVE: payload=02c6bef1_5e60f330
time = 1520000:  Packet RECEIVE: payload=6f190000_00000000
time=1520000 ------------SCOREBOARD: PACKET VERIFIED-------

============================PACKET RECEIVED======================
time = 1660800:  Packet RECEIVE: DST ADDR =28a1f4bbd058, SRC ADDR =d4e41916b272, ETHER TYPE =0800, PAYLOAD SIZE =00000042
 
time = 1660800:  Packet RECEIVE: payload=05563128_927a9a41
time = 1660800:  Packet RECEIVE: payload=f42ee34e_82ccc60a
time = 1660800:  Packet RECEIVE: payload=5ba25762_46b81467
time = 1660800:  Packet RECEIVE: payload=a23e4274_c5f5a449
time = 1660800:  Packet RECEIVE: payload=e031b7d1_17f94983
time = 1660800:  Packet RECEIVE: payload=d4815c58_56d5023e
time = 1660800:  Packet RECEIVE: payload=b97ca9bb_8434a453
time = 1660800:  Packet RECEIVE: payload=fd14e34d_8dc43474
time = 1660800:  Packet RECEIVE: payload=e6c20000_00000000
time=1660800 ------------SCOREBOARD: PACKET VERIFIED-------

time = 2761600:  Packet SENT: DST ADDR =a9451c22a89c, SRC ADDR =f31cba778aac, ETHER TYPE =86dd, PAYLOAD SIZE =00000642
 
time = 2761600:  Packet SENT: payload=efe4b43d_d7f30605
time = 2761600:  Packet SENT: payload=ef88dee2_8b337bfd
time = 2761600:  Packet SENT: payload=349fbacf_e72e59d7
time = 2761600:  Packet SENT: payload=b827dbbc_5f4246fd
time = 2761600:  Packet SENT: payload=bfab75b5_e81d6fed
time = 2761600:  Packet SENT: payload=70d2d920_34a4bef5
time = 2761600:  Packet SENT: payload=990a99be_b95db05c
time = 2761600:  Packet SENT: payload=6745bf64_fd6a972f
time = 2761600:  Packet SENT: payload=d5fa3603_f69aa95c
time = 2761600:  Packet SENT: payload=d2290511_2d3cf91d
time = 2761600:  Packet SENT: payload=e13c2d76_2012be28
time = 2761600:  Packet SENT: payload=82e98b6c_5e5a3c90
time = 2761600:  Packet SENT: payload=56ab8a15_aae95199
time = 2761600:  Packet SENT: payload=6872319f_781fe104
time = 2761600:  Packet SENT: payload=4fbb23d2_3fba421d
time = 2761600:  Packet SENT: payload=d9f94a7c_fada66dd
time = 2761600:  Packet SENT: payload=931dd7a2_9e067606
time = 2761600:  Packet SENT: payload=5633d6aa_c0d93a2f
time = 2761600:  Packet SENT: payload=eb28c58b_0eb0e4dc
time = 2761600:  Packet SENT: payload=b997c182_e8fa8802
time = 2761600:  Packet SENT: payload=51ae4018_9079f587
time = 2761600:  Packet SENT: payload=854f97e7_35f2e99c
time = 2761600:  Packet SENT: payload=23fcbe75_cb8ad113
time = 2761600:  Packet SENT: payload=6f604c6c_d4ed642c
time = 2761600:  Packet SENT: payload=35ab2fee_372a58b6
time = 2761600:  Packet SENT: payload=a9dfb6e7_b19faad7
time = 2761600:  Packet SENT: payload=5a0045b8_84365a04
time = 2761600:  Packet SENT: payload=ffee28af_eb3bfe45
time = 2761600:  Packet SENT: payload=cd5e0973_8f9f4888
time = 2761600:  Packet SENT: payload=25e92a97_2657a4e9
time = 2761600:  Packet SENT: payload=cc75e3f1_c7ddfa66
time = 2761600:  Packet SENT: payload=63b387a3_4eaa8f85
time = 2761600:  Packet SENT: payload=f890e5ee_ef39d2fd
time = 2761600:  Packet SENT: payload=15d0db85_b771bdbc
time = 2761600:  Packet SENT: payload=c49014a1_1d7c6aaf
time = 2761600:  Packet SENT: payload=51612aa2_ae367aed
time = 2761600:  Packet SENT: payload=a6cba502_7505f21c
time = 2761600:  Packet SENT: payload=dedda811_0c9e115e
time = 2761600:  Packet SENT: payload=698f1563_731d8e81
time = 2761600:  Packet SENT: payload=f58f95ec_88c2804f
time = 2761600:  Packet SENT: payload=881c69d9_6c7eaeb6
time = 2761600:  Packet SENT: payload=9c0f9009_0b4ba93b
time = 2761600:  Packet SENT: payload=8a7dda45_6a345d0c
time = 2761600:  Packet SENT: payload=6830e93c_507787a0
time = 2761600:  Packet SENT: payload=1fb9432f_170ec745
time = 2761600:  Packet SENT: payload=7f3cb938_0e008797
time = 2761600:  Packet SENT: payload=8888f4cf_09ea8e32
time = 2761600:  Packet SENT: payload=b28d798c_ca2bfa75
time = 2761600:  Packet SENT: payload=93f6b6a0_871da684
time = 2761600:  Packet SENT: payload=8114c30d_4c2a4589
time = 2761600:  Packet SENT: payload=f27ac453_0f4ecd40
time = 2761600:  Packet SENT: payload=5a099d90_35cba3e2
time = 2761600:  Packet SENT: payload=1aeb1477_f8fce93b
time = 2761600:  Packet SENT: payload=0b061366_d5f9a8e3
time = 2761600:  Packet SENT: payload=9221b7cb_19763c05
time = 2761600:  Packet SENT: payload=79c1226a_6ed24240
time = 2761600:  Packet SENT: payload=2baa4314_5d100fa8
time = 2761600:  Packet SENT: payload=b2832d65_ddd41c84
time = 2761600:  Packet SENT: payload=882697a5_5346d092
time = 2761600:  Packet SENT: payload=235dc85c_948010b7
time = 2761600:  Packet SENT: payload=681a8fde_283c3df6
time = 2761600:  Packet SENT: payload=92920548_fdcac71d
time = 2761600:  Packet SENT: payload=53088c2a_d5f3743f
time = 2761600:  Packet SENT: payload=9094df18_8ee0b322
time = 2761600:  Packet SENT: payload=f2a44be8_5b3154ab
time = 2761600:  Packet SENT: payload=8c920090_ecb7dd5f
time = 2761600:  Packet SENT: payload=cddf7dcd_90c57c8c
time = 2761600:  Packet SENT: payload=e383b0fa_70972e4c
time = 2761600:  Packet SENT: payload=957cb4d7_8a15fa55
time = 2761600:  Packet SENT: payload=b823bb14_e4c9b2b8
time = 2761600:  Packet SENT: payload=7d69cfd1_b8970b9a
time = 2761600:  Packet SENT: payload=da4e6031_b594423d
time = 2761600:  Packet SENT: payload=0482cf69_e7035ef2
time = 2761600:  Packet SENT: payload=3054bb2b_63b55936
time = 2761600:  Packet SENT: payload=8f3ec354_9d8f71f7
time = 2761600:  Packet SENT: payload=86103918_dbfc3174
time = 2761600:  Packet SENT: payload=0f65f05c_686279f6
time = 2761600:  Packet SENT: payload=4f902a13_d107253a
time = 2761600:  Packet SENT: payload=f7a32aee_80644536
time = 2761600:  Packet SENT: payload=9407cb72_842df415
time = 2761600:  Packet SENT: payload=874537d5_f82ada4c
time = 2761600:  Packet SENT: payload=25d3fc93_bcb22534
time = 2761600:  Packet SENT: payload=554b2b96_a5273cc9
time = 2761600:  Packet SENT: payload=f3a67744_406e91df
time = 2761600:  Packet SENT: payload=56dabe19_c50764e2
time = 2761600:  Packet SENT: payload=33b210f9_791a1551
time = 2761600:  Packet SENT: payload=125adc72_f9e504c1
time = 2761600:  Packet SENT: payload=c8eb88e2_6dd2b050
time = 2761600:  Packet SENT: payload=ca149ea7_1fe75d86
time = 2761600:  Packet SENT: payload=be1655be_e2d8cfd0
time = 2761600:  Packet SENT: payload=49f629e0_ff6ab210
time = 2761600:  Packet SENT: payload=1b0a59de_a2b646c3
time = 2761600:  Packet SENT: payload=f6592e5b_f94daf39
time = 2761600:  Packet SENT: payload=752f0001_d0fab928
time = 2761600:  Packet SENT: payload=e755ba58_5d2ffb39
time = 2761600:  Packet SENT: payload=46a88d98_7c222de8
time = 2761600:  Packet SENT: payload=fa33b8e3_e7e6206a
time = 2761600:  Packet SENT: payload=3081fa4f_b1e8c47b
time = 2761600:  Packet SENT: payload=3c297216_c8cba1e8
time = 2761600:  Packet SENT: payload=f6d02595_b6f7cd15
time = 2761600:  Packet SENT: payload=84c69011_830df250
time = 2761600:  Packet SENT: payload=61e651db_897c9dde
time = 2761600:  Packet SENT: payload=570586c6_982e9bb9
time = 2761600:  Packet SENT: payload=50d4277a_3f100ab7
time = 2761600:  Packet SENT: payload=c1168f86_5fca5115
time = 2761600:  Packet SENT: payload=e7f5b7ef_c4da7fbd
time = 2761600:  Packet SENT: payload=2dbd74fe_5dd115fa
time = 2761600:  Packet SENT: payload=2aa797e6_f37acab2
time = 2761600:  Packet SENT: payload=a2dbe9f5_a5d71a0b
time = 2761600:  Packet SENT: payload=ff9563ac_2c3adf58
time = 2761600:  Packet SENT: payload=77f6410d_1d04cc03
time = 2761600:  Packet SENT: payload=2ca7ed9e_4e8b443e
time = 2761600:  Packet SENT: payload=d0e4691a_9c1a0db3
time = 2761600:  Packet SENT: payload=652e3165_49bae092
time = 2761600:  Packet SENT: payload=a5256670_aa8762bf
time = 2761600:  Packet SENT: payload=373bb36b_412b9f93
time = 2761600:  Packet SENT: payload=35312cf9_16a2be8d
time = 2761600:  Packet SENT: payload=05244aad_b81e9fd7
time = 2761600:  Packet SENT: payload=e186058c_136ed6e2
time = 2761600:  Packet SENT: payload=9e29078c_2297c7ca
time = 2761600:  Packet SENT: payload=313ce2e8_3927c631
time = 2761600:  Packet SENT: payload=e0c75845_1b5edad6
time = 2761600:  Packet SENT: payload=a937f2dd_dd533622
time = 2761600:  Packet SENT: payload=c16b9c3a_f53deb5e
time = 2761600:  Packet SENT: payload=2a7ea01b_6d94aadc
time = 2761600:  Packet SENT: payload=286170da_b296ba73
time = 2761600:  Packet SENT: payload=7028d9d1_a1e5a264
time = 2761600:  Packet SENT: payload=79e27281_9b0d6aba
time = 2761600:  Packet SENT: payload=6e8b8d2d_ae4b9df6
time = 2761600:  Packet SENT: payload=613a0550_c99f7e63
time = 2761600:  Packet SENT: payload=05c852f8_6fca4ae0
time = 2761600:  Packet SENT: payload=2293f69d_d9032536
time = 2761600:  Packet SENT: payload=56d3f8e8_debb2539
time = 2761600:  Packet SENT: payload=3f6a1b37_ec331011
time = 2761600:  Packet SENT: payload=d3d779e3_4dfa0426
time = 2761600:  Packet SENT: payload=7cf029a4_444ecf04
time = 2761600:  Packet SENT: payload=de04d99e_e4ed300a
time = 2761600:  Packet SENT: payload=ae91a970_36e0dfa6
time = 2761600:  Packet SENT: payload=41313199_5f2bc27b
time = 2761600:  Packet SENT: payload=d9905eed_8d5099f1
time = 2761600:  Packet SENT: payload=7450d5e9_e7411b58
time = 2761600:  Packet SENT: payload=8f3b8daa_80441288
time = 2761600:  Packet SENT: payload=45fb010a_3124ca83
time = 2761600:  Packet SENT: payload=dd7646a7_c092908c
time = 2761600:  Packet SENT: payload=67e0fcca_6606ba03
time = 2761600:  Packet SENT: payload=58592be5_b74c7549
time = 2761600:  Packet SENT: payload=71d8bf95_a65beafc
time = 2761600:  Packet SENT: payload=32a1af0d_1561932b
time = 2761600:  Packet SENT: payload=8eccb54c_c08202a9
time = 2761600:  Packet SENT: payload=30db7514_ba1f0c75
time = 2761600:  Packet SENT: payload=3fe6b420_27ea99b5
time = 2761600:  Packet SENT: payload=7908ce41_5f682b0a
time = 2761600:  Packet SENT: payload=e5db8143_6440258b
time = 2761600:  Packet SENT: payload=bdc74249_7e76d8e9
time = 2761600:  Packet SENT: payload=9b6e9d25_78eca607
time = 2761600:  Packet SENT: payload=8bfe6a1a_6bc8d361
time = 2761600:  Packet SENT: payload=07604d16_7d46fcc2
time = 2761600:  Packet SENT: payload=690a47f6_c44debe4
time = 2761600:  Packet SENT: payload=2470f02f_4d3d5b53
time = 2761600:  Packet SENT: payload=ca94b9e3_84b95573
time = 2761600:  Packet SENT: payload=a85c68ae_563e24d4
time = 2761600:  Packet SENT: payload=86ea372e_f520ce99
time = 2761600:  Packet SENT: payload=23a1eaef_a62ea967
time = 2761600:  Packet SENT: payload=1242c8d5_5a306e46
time = 2761600:  Packet SENT: payload=37b035f4_229afbe3
time = 2761600:  Packet SENT: payload=88756bb3_ef7b26ab
time = 2761600:  Packet SENT: payload=f2ac5ce9_8d7a0f8b
time = 2761600:  Packet SENT: payload=6c480a65_7dee7428
time = 2761600:  Packet SENT: payload=b45a6e4d_1e0c3ad2
time = 2761600:  Packet SENT: payload=ae90b767_05ae4e23
time = 2761600:  Packet SENT: payload=f8a10870_89289644
time = 2761600:  Packet SENT: payload=4454e0e3_321a0d7a
time = 2761600:  Packet SENT: payload=400ed030_187552ed
time = 2761600:  Packet SENT: payload=fae3ae6c_2d5227bd
time = 2761600:  Packet SENT: payload=11234e3c_e5d239a5
time = 2761600:  Packet SENT: payload=a1fd3e75_f9024951
time = 2761600:  Packet SENT: payload=91abf3b9_10336fb2
time = 2761600:  Packet SENT: payload=1353c2f9_cfcaa3ef
time = 2761600:  Packet SENT: payload=f4f3f5cf_7cefaecd
time = 2761600:  Packet SENT: payload=d43ebaef_c7bd2b82
time = 2761600:  Packet SENT: payload=4529cd84_8a7a3169
time = 2761600:  Packet SENT: payload=255171a2_7fde7165
time = 2761600:  Packet SENT: payload=0f903c87_7cf7a305
time = 2761600:  Packet SENT: payload=33c01458_87606564
time = 2761600:  Packet SENT: payload=c4828892_a1487e88
time = 2761600:  Packet SENT: payload=e4f9c254_b1425b41
time = 2761600:  Packet SENT: payload=6cbfa7de_df196a3b
time = 2761600:  Packet SENT: payload=18ce76e1_2957dfdc
time = 2761600:  Packet SENT: payload=acefa96d_00c6aa75
time = 2761600:  Packet SENT: payload=ee354037_e710261b
time = 2761600:  Packet SENT: payload=bfad4ff8_ffdb0465
time = 2761600:  Packet SENT: payload=d9ae65dd_21b7966d
time = 2761600:  Packet SENT: payload=dce03e3b_c348a726
time = 2761600:  Packet SENT: payload=7da53bf1_2e354d85
time = 2761600:  Packet SENT: payload=f5a50890_c016dc93
time = 2761600:  Packet SENT: payload=e24e46fe_1bead162
time = 2761600:  Packet SENT: payload=2319e0a6_408ce4d6
time = 2761600:  Packet SENT: payload=8d2ba235_78012e2e
time = 2761600:  Packet SENT: payload=3957580b_3850ea2b
time = 2761600:  Packet SENT: payload=f78de190_e90fa6df
time = 2761600:  Packet SENT: payload=9e940000_00000000
============================PACKET #12======================
time = 2915200:  Packet SENT: DST ADDR =8b92fcba2762, SRC ADDR =9909b834edea, ETHER TYPE =0806, PAYLOAD SIZE =00000052
 
time = 2915200:  Packet SENT: payload=882d7ec2_8552d928
time = 2915200:  Packet SENT: payload=839f210c_2cebb58f
time = 2915200:  Packet SENT: payload=d614ae22_54865df0
time = 2915200:  Packet SENT: payload=680f0347_13768343
time = 2915200:  Packet SENT: payload=3e80a965_371388b3
time = 2915200:  Packet SENT: payload=b5cc643b_8bdc5038
time = 2915200:  Packet SENT: payload=2281d72b_d351ca8a
time = 2915200:  Packet SENT: payload=ed4b89d1_c25318de
time = 2915200:  Packet SENT: payload=9ef86831_a70d8fb1
time = 2915200:  Packet SENT: payload=6eb0d696_a395a219
time = 2915200:  Packet SENT: payload=59d00000_00000000
============================PACKET #13======================
============================PACKET RECEIVED======================
time = 3030400:  Packet RECEIVE: DST ADDR =a9451c22a89c, SRC ADDR =f31cba778aac, ETHER TYPE =86dd, PAYLOAD SIZE =00000642
 
time = 3030400:  Packet RECEIVE: payload=efe4b43d_d7f30605
time = 3030400:  Packet RECEIVE: payload=ef88dee2_8b337bfd
time = 3030400:  Packet RECEIVE: payload=349fbacf_e72e59d7
time = 3030400:  Packet RECEIVE: payload=b827dbbc_5f4246fd
time = 3030400:  Packet RECEIVE: payload=bfab75b5_e81d6fed
time = 3030400:  Packet RECEIVE: payload=70d2d920_34a4bef5
time = 3030400:  Packet RECEIVE: payload=990a99be_b95db05c
time = 3030400:  Packet RECEIVE: payload=6745bf64_fd6a972f
time = 3030400:  Packet RECEIVE: payload=d5fa3603_f69aa95c
time = 3030400:  Packet RECEIVE: payload=d2290511_2d3cf91d
time = 3030400:  Packet RECEIVE: payload=e13c2d76_2012be28
time = 3030400:  Packet RECEIVE: payload=82e98b6c_5e5a3c90
time = 3030400:  Packet RECEIVE: payload=56ab8a15_aae95199
time = 3030400:  Packet RECEIVE: payload=6872319f_781fe104
time = 3030400:  Packet RECEIVE: payload=4fbb23d2_3fba421d
time = 3030400:  Packet RECEIVE: payload=d9f94a7c_fada66dd
time = 3030400:  Packet RECEIVE: payload=931dd7a2_9e067606
time = 3030400:  Packet RECEIVE: payload=5633d6aa_c0d93a2f
time = 3030400:  Packet RECEIVE: payload=eb28c58b_0eb0e4dc
time = 3030400:  Packet RECEIVE: payload=b997c182_e8fa8802
time = 3030400:  Packet RECEIVE: payload=51ae4018_9079f587
time = 3030400:  Packet RECEIVE: payload=854f97e7_35f2e99c
time = 3030400:  Packet RECEIVE: payload=23fcbe75_cb8ad113
time = 3030400:  Packet RECEIVE: payload=6f604c6c_d4ed642c
time = 3030400:  Packet RECEIVE: payload=35ab2fee_372a58b6
time = 3030400:  Packet RECEIVE: payload=a9dfb6e7_b19faad7
time = 3030400:  Packet RECEIVE: payload=5a0045b8_84365a04
time = 3030400:  Packet RECEIVE: payload=ffee28af_eb3bfe45
time = 3030400:  Packet RECEIVE: payload=cd5e0973_8f9f4888
time = 3030400:  Packet RECEIVE: payload=25e92a97_2657a4e9
time = 3030400:  Packet RECEIVE: payload=cc75e3f1_c7ddfa66
time = 3030400:  Packet RECEIVE: payload=63b387a3_4eaa8f85
time = 3030400:  Packet RECEIVE: payload=f890e5ee_ef39d2fd
time = 3030400:  Packet RECEIVE: payload=15d0db85_b771bdbc
time = 3030400:  Packet RECEIVE: payload=c49014a1_1d7c6aaf
time = 3030400:  Packet RECEIVE: payload=51612aa2_ae367aed
time = 3030400:  Packet RECEIVE: payload=a6cba502_7505f21c
time = 3030400:  Packet RECEIVE: payload=dedda811_0c9e115e
time = 3030400:  Packet RECEIVE: payload=698f1563_731d8e81
time = 3030400:  Packet RECEIVE: payload=f58f95ec_88c2804f
time = 3030400:  Packet RECEIVE: payload=881c69d9_6c7eaeb6
time = 3030400:  Packet RECEIVE: payload=9c0f9009_0b4ba93b
time = 3030400:  Packet RECEIVE: payload=8a7dda45_6a345d0c
time = 3030400:  Packet RECEIVE: payload=6830e93c_507787a0
time = 3030400:  Packet RECEIVE: payload=1fb9432f_170ec745
time = 3030400:  Packet RECEIVE: payload=7f3cb938_0e008797
time = 3030400:  Packet RECEIVE: payload=8888f4cf_09ea8e32
time = 3030400:  Packet RECEIVE: payload=b28d798c_ca2bfa75
time = 3030400:  Packet RECEIVE: payload=93f6b6a0_871da684
time = 3030400:  Packet RECEIVE: payload=8114c30d_4c2a4589
time = 3030400:  Packet RECEIVE: payload=f27ac453_0f4ecd40
time = 3030400:  Packet RECEIVE: payload=5a099d90_35cba3e2
time = 3030400:  Packet RECEIVE: payload=1aeb1477_f8fce93b
time = 3030400:  Packet RECEIVE: payload=0b061366_d5f9a8e3
time = 3030400:  Packet RECEIVE: payload=9221b7cb_19763c05
time = 3030400:  Packet RECEIVE: payload=79c1226a_6ed24240
time = 3030400:  Packet RECEIVE: payload=2baa4314_5d100fa8
time = 3030400:  Packet RECEIVE: payload=b2832d65_ddd41c84
time = 3030400:  Packet RECEIVE: payload=882697a5_5346d092
time = 3030400:  Packet RECEIVE: payload=235dc85c_948010b7
time = 3030400:  Packet RECEIVE: payload=681a8fde_283c3df6
time = 3030400:  Packet RECEIVE: payload=92920548_fdcac71d
time = 3030400:  Packet RECEIVE: payload=53088c2a_d5f3743f
time = 3030400:  Packet RECEIVE: payload=9094df18_8ee0b322
time = 3030400:  Packet RECEIVE: payload=f2a44be8_5b3154ab
time = 3030400:  Packet RECEIVE: payload=8c920090_ecb7dd5f
time = 3030400:  Packet RECEIVE: payload=cddf7dcd_90c57c8c
time = 3030400:  Packet RECEIVE: payload=e383b0fa_70972e4c
time = 3030400:  Packet RECEIVE: payload=957cb4d7_8a15fa55
time = 3030400:  Packet RECEIVE: payload=b823bb14_e4c9b2b8
time = 3030400:  Packet RECEIVE: payload=7d69cfd1_b8970b9a
time = 3030400:  Packet RECEIVE: payload=da4e6031_b594423d
time = 3030400:  Packet RECEIVE: payload=0482cf69_e7035ef2
time = 3030400:  Packet RECEIVE: payload=3054bb2b_63b55936
time = 3030400:  Packet RECEIVE: payload=8f3ec354_9d8f71f7
time = 3030400:  Packet RECEIVE: payload=86103918_dbfc3174
time = 3030400:  Packet RECEIVE: payload=0f65f05c_686279f6
time = 3030400:  Packet RECEIVE: payload=4f902a13_d107253a
time = 3030400:  Packet RECEIVE: payload=f7a32aee_80644536
time = 3030400:  Packet RECEIVE: payload=9407cb72_842df415
time = 3030400:  Packet RECEIVE: payload=874537d5_f82ada4c
time = 3030400:  Packet RECEIVE: payload=25d3fc93_bcb22534
time = 3030400:  Packet RECEIVE: payload=554b2b96_a5273cc9
time = 3030400:  Packet RECEIVE: payload=f3a67744_406e91df
time = 3030400:  Packet RECEIVE: payload=56dabe19_c50764e2
time = 3030400:  Packet RECEIVE: payload=33b210f9_791a1551
time = 3030400:  Packet RECEIVE: payload=125adc72_f9e504c1
time = 3030400:  Packet RECEIVE: payload=c8eb88e2_6dd2b050
time = 3030400:  Packet RECEIVE: payload=ca149ea7_1fe75d86
time = 3030400:  Packet RECEIVE: payload=be1655be_e2d8cfd0
time = 3030400:  Packet RECEIVE: payload=49f629e0_ff6ab210
time = 3030400:  Packet RECEIVE: payload=1b0a59de_a2b646c3
time = 3030400:  Packet RECEIVE: payload=f6592e5b_f94daf39
time = 3030400:  Packet RECEIVE: payload=752f0001_d0fab928
time = 3030400:  Packet RECEIVE: payload=e755ba58_5d2ffb39
time = 3030400:  Packet RECEIVE: payload=46a88d98_7c222de8
time = 3030400:  Packet RECEIVE: payload=fa33b8e3_e7e6206a
time = 3030400:  Packet RECEIVE: payload=3081fa4f_b1e8c47b
time = 3030400:  Packet RECEIVE: payload=3c297216_c8cba1e8
time = 3030400:  Packet RECEIVE: payload=f6d02595_b6f7cd15
time = 3030400:  Packet RECEIVE: payload=84c69011_830df250
time = 3030400:  Packet RECEIVE: payload=61e651db_897c9dde
time = 3030400:  Packet RECEIVE: payload=570586c6_982e9bb9
time = 3030400:  Packet RECEIVE: payload=50d4277a_3f100ab7
time = 3030400:  Packet RECEIVE: payload=c1168f86_5fca5115
time = 3030400:  Packet RECEIVE: payload=e7f5b7ef_c4da7fbd
time = 3030400:  Packet RECEIVE: payload=2dbd74fe_5dd115fa
time = 3030400:  Packet RECEIVE: payload=2aa797e6_f37acab2
time = 3030400:  Packet RECEIVE: payload=a2dbe9f5_a5d71a0b
time = 3030400:  Packet RECEIVE: payload=ff9563ac_2c3adf58
time = 3030400:  Packet RECEIVE: payload=77f6410d_1d04cc03
time = 3030400:  Packet RECEIVE: payload=2ca7ed9e_4e8b443e
time = 3030400:  Packet RECEIVE: payload=d0e4691a_9c1a0db3
time = 3030400:  Packet RECEIVE: payload=652e3165_49bae092
time = 3030400:  Packet RECEIVE: payload=a5256670_aa8762bf
time = 3030400:  Packet RECEIVE: payload=373bb36b_412b9f93
time = 3030400:  Packet RECEIVE: payload=35312cf9_16a2be8d
time = 3030400:  Packet RECEIVE: payload=05244aad_b81e9fd7
time = 3030400:  Packet RECEIVE: payload=e186058c_136ed6e2
time = 3030400:  Packet RECEIVE: payload=9e29078c_2297c7ca
time = 3030400:  Packet RECEIVE: payload=313ce2e8_3927c631
time = 3030400:  Packet RECEIVE: payload=e0c75845_1b5edad6
time = 3030400:  Packet RECEIVE: payload=a937f2dd_dd533622
time = 3030400:  Packet RECEIVE: payload=c16b9c3a_f53deb5e
time = 3030400:  Packet RECEIVE: payload=2a7ea01b_6d94aadc
time = 3030400:  Packet RECEIVE: payload=286170da_b296ba73
time = 3030400:  Packet RECEIVE: payload=7028d9d1_a1e5a264
time = 3030400:  Packet RECEIVE: payload=79e27281_9b0d6aba
time = 3030400:  Packet RECEIVE: payload=6e8b8d2d_ae4b9df6
time = 3030400:  Packet RECEIVE: payload=613a0550_c99f7e63
time = 3030400:  Packet RECEIVE: payload=05c852f8_6fca4ae0
time = 3030400:  Packet RECEIVE: payload=2293f69d_d9032536
time = 3030400:  Packet RECEIVE: payload=56d3f8e8_debb2539
time = 3030400:  Packet RECEIVE: payload=3f6a1b37_ec331011
time = 3030400:  Packet RECEIVE: payload=d3d779e3_4dfa0426
time = 3030400:  Packet RECEIVE: payload=7cf029a4_444ecf04
time = 3030400:  Packet RECEIVE: payload=de04d99e_e4ed300a
time = 3030400:  Packet RECEIVE: payload=ae91a970_36e0dfa6
time = 3030400:  Packet RECEIVE: payload=41313199_5f2bc27b
time = 3030400:  Packet RECEIVE: payload=d9905eed_8d5099f1
time = 3030400:  Packet RECEIVE: payload=7450d5e9_e7411b58
time = 3030400:  Packet RECEIVE: payload=8f3b8daa_80441288
time = 3030400:  Packet RECEIVE: payload=45fb010a_3124ca83
time = 3030400:  Packet RECEIVE: payload=dd7646a7_c092908c
time = 3030400:  Packet RECEIVE: payload=67e0fcca_6606ba03
time = 3030400:  Packet RECEIVE: payload=58592be5_b74c7549
time = 3030400:  Packet RECEIVE: payload=71d8bf95_a65beafc
time = 3030400:  Packet RECEIVE: payload=32a1af0d_1561932b
time = 3030400:  Packet RECEIVE: payload=8eccb54c_c08202a9
time = 3030400:  Packet RECEIVE: payload=30db7514_ba1f0c75
time = 3030400:  Packet RECEIVE: payload=3fe6b420_27ea99b5
time = 3030400:  Packet RECEIVE: payload=7908ce41_5f682b0a
time = 3030400:  Packet RECEIVE: payload=e5db8143_6440258b
time = 3030400:  Packet RECEIVE: payload=bdc74249_7e76d8e9
time = 3030400:  Packet RECEIVE: payload=9b6e9d25_78eca607
time = 3030400:  Packet RECEIVE: payload=8bfe6a1a_6bc8d361
time = 3030400:  Packet RECEIVE: payload=07604d16_7d46fcc2
time = 3030400:  Packet RECEIVE: payload=690a47f6_c44debe4
time = 3030400:  Packet RECEIVE: payload=2470f02f_4d3d5b53
time = 3030400:  Packet RECEIVE: payload=ca94b9e3_84b95573
time = 3030400:  Packet RECEIVE: payload=a85c68ae_563e24d4
time = 3030400:  Packet RECEIVE: payload=86ea372e_f520ce99
time = 3030400:  Packet RECEIVE: payload=23a1eaef_a62ea967
time = 3030400:  Packet RECEIVE: payload=1242c8d5_5a306e46
time = 3030400:  Packet RECEIVE: payload=37b035f4_229afbe3
time = 3030400:  Packet RECEIVE: payload=88756bb3_ef7b26ab
time = 3030400:  Packet RECEIVE: payload=f2ac5ce9_8d7a0f8b
time = 3030400:  Packet RECEIVE: payload=6c480a65_7dee7428
time = 3030400:  Packet RECEIVE: payload=b45a6e4d_1e0c3ad2
time = 3030400:  Packet RECEIVE: payload=ae90b767_05ae4e23
time = 3030400:  Packet RECEIVE: payload=f8a10870_89289644
time = 3030400:  Packet RECEIVE: payload=4454e0e3_321a0d7a
time = 3030400:  Packet RECEIVE: payload=400ed030_187552ed
time = 3030400:  Packet RECEIVE: payload=fae3ae6c_2d5227bd
time = 3030400:  Packet RECEIVE: payload=11234e3c_e5d239a5
time = 3030400:  Packet RECEIVE: payload=a1fd3e75_f9024951
time = 3030400:  Packet RECEIVE: payload=91abf3b9_10336fb2
time = 3030400:  Packet RECEIVE: payload=1353c2f9_cfcaa3ef
time = 3030400:  Packet RECEIVE: payload=f4f3f5cf_7cefaecd
time = 3030400:  Packet RECEIVE: payload=d43ebaef_c7bd2b82
time = 3030400:  Packet RECEIVE: payload=4529cd84_8a7a3169
time = 3030400:  Packet RECEIVE: payload=255171a2_7fde7165
time = 3030400:  Packet RECEIVE: payload=0f903c87_7cf7a305
time = 3030400:  Packet RECEIVE: payload=33c01458_87606564
time = 3030400:  Packet RECEIVE: payload=c4828892_a1487e88
time = 3030400:  Packet RECEIVE: payload=e4f9c254_b1425b41
time = 3030400:  Packet RECEIVE: payload=6cbfa7de_df196a3b
time = 3030400:  Packet RECEIVE: payload=18ce76e1_2957dfdc
time = 3030400:  Packet RECEIVE: payload=acefa96d_00c6aa75
time = 3030400:  Packet RECEIVE: payload=ee354037_e710261b
time = 3030400:  Packet RECEIVE: payload=bfad4ff8_ffdb0465
time = 3030400:  Packet RECEIVE: payload=d9ae65dd_21b7966d
time = 3030400:  Packet RECEIVE: payload=dce03e3b_c348a726
time = 3030400:  Packet RECEIVE: payload=7da53bf1_2e354d85
time = 3030400:  Packet RECEIVE: payload=f5a50890_c016dc93
time = 3030400:  Packet RECEIVE: payload=e24e46fe_1bead162
time = 3030400:  Packet RECEIVE: payload=2319e0a6_408ce4d6
time = 3030400:  Packet RECEIVE: payload=8d2ba235_78012e2e
time = 3030400:  Packet RECEIVE: payload=3957580b_3850ea2b
time = 3030400:  Packet RECEIVE: payload=f78de190_e90fa6df
time = 3030400:  Packet RECEIVE: payload=9e940000_00000000
time=3030400 ------------SCOREBOARD: PACKET VERIFIED-------

============================PACKET RECEIVED======================
time = 3184000:  Packet RECEIVE: DST ADDR =8b92fcba2762, SRC ADDR =9909b834edea, ETHER TYPE =0806, PAYLOAD SIZE =00000052
 
time = 3184000:  Packet RECEIVE: payload=882d7ec2_8552d928
time = 3184000:  Packet RECEIVE: payload=839f210c_2cebb58f
time = 3184000:  Packet RECEIVE: payload=d614ae22_54865df0
time = 3184000:  Packet RECEIVE: payload=680f0347_13768343
time = 3184000:  Packet RECEIVE: payload=3e80a965_371388b3
time = 3184000:  Packet RECEIVE: payload=b5cc643b_8bdc5038
time = 3184000:  Packet RECEIVE: payload=2281d72b_d351ca8a
time = 3184000:  Packet RECEIVE: payload=ed4b89d1_c25318de
time = 3184000:  Packet RECEIVE: payload=9ef86831_a70d8fb1
time = 3184000:  Packet RECEIVE: payload=6eb0d696_a395a219
time = 3184000:  Packet RECEIVE: payload=59d00000_00000000
time=3184000 ------------SCOREBOARD: PACKET VERIFIED-------

time = 4284800:  Packet SENT: DST ADDR =fb45caa3067e, SRC ADDR =1436ee7f2434, ETHER TYPE =86dd, PAYLOAD SIZE =00000642
 
time = 4284800:  Packet SENT: payload=4d9b7553_28cdf1b0
time = 4284800:  Packet SENT: payload=09b20bc1_b2bd446d
time = 4284800:  Packet SENT: payload=1c67dcf8_fc63fe3b
time = 4284800:  Packet SENT: payload=e8c82198_b73c0b94
time = 4284800:  Packet SENT: payload=fcc26e25_c66c1aee
time = 4284800:  Packet SENT: payload=4143e0f6_ef8fc633
time = 4284800:  Packet SENT: payload=9dce4111_f087d0e5
time = 4284800:  Packet SENT: payload=583061af_912a03be
time = 4284800:  Packet SENT: payload=3e200ae1_7875d6c0
time = 4284800:  Packet SENT: payload=22a7ae3b_4f5f208a
time = 4284800:  Packet SENT: payload=3f2cddc5_a5626849
time = 4284800:  Packet SENT: payload=d9800c15_f8b59491
time = 4284800:  Packet SENT: payload=0a4bc5f5_5e00fa59
time = 4284800:  Packet SENT: payload=6ff4fd53_9013ad16
time = 4284800:  Packet SENT: payload=2a6f5708_a0fee0d0
time = 4284800:  Packet SENT: payload=5f6ece02_cc0fd04a
time = 4284800:  Packet SENT: payload=6b8cf567_9aa30dee
time = 4284800:  Packet SENT: payload=aedd61cb_b4cf309a
time = 4284800:  Packet SENT: payload=55a19abe_abcc299f
time = 4284800:  Packet SENT: payload=81095efc_05f6a8b9
time = 4284800:  Packet SENT: payload=c09149d0_fcb75db8
time = 4284800:  Packet SENT: payload=e7b50abd_bd839f62
time = 4284800:  Packet SENT: payload=971d303b_0d083b4f
time = 4284800:  Packet SENT: payload=eb188b88_357d4b91
time = 4284800:  Packet SENT: payload=39665538_8ee23888
time = 4284800:  Packet SENT: payload=407de0e3_c6b84d3d
time = 4284800:  Packet SENT: payload=ffdeed04_02a8b6f7
time = 4284800:  Packet SENT: payload=0bfc011a_80ed1c5e
time = 4284800:  Packet SENT: payload=aa06c4b1_73a48703
time = 4284800:  Packet SENT: payload=4a907956_66a62dcc
time = 4284800:  Packet SENT: payload=69dc7a6b_789f68fe
time = 4284800:  Packet SENT: payload=2214fcce_ab8e66e1
time = 4284800:  Packet SENT: payload=af0ef060_dffe43e9
time = 4284800:  Packet SENT: payload=06805172_3e43dbc3
time = 4284800:  Packet SENT: payload=dbdb3f41_1e180546
time = 4284800:  Packet SENT: payload=e449bf3a_abc9da77
time = 4284800:  Packet SENT: payload=267b9c50_c09c7a16
time = 4284800:  Packet SENT: payload=a47f1746_a6a4a5b3
time = 4284800:  Packet SENT: payload=99250ec4_8e2cb33d
time = 4284800:  Packet SENT: payload=9f422a76_64349f32
time = 4284800:  Packet SENT: payload=acc89381_0201a07a
time = 4284800:  Packet SENT: payload=6793e744_fa29ddd9
time = 4284800:  Packet SENT: payload=50ee57e4_d6c19145
time = 4284800:  Packet SENT: payload=f798022c_1e231236
time = 4284800:  Packet SENT: payload=42a1e7d2_2338da87
time = 4284800:  Packet SENT: payload=aa2ac14d_22d54bff
time = 4284800:  Packet SENT: payload=2d5c4540_1adeeb0d
time = 4284800:  Packet SENT: payload=a3ec9af1_0cd02f66
time = 4284800:  Packet SENT: payload=cf4b04aa_376d54da
time = 4284800:  Packet SENT: payload=16792b08_336873b8
time = 4284800:  Packet SENT: payload=1f81b035_cdaa3522
time = 4284800:  Packet SENT: payload=b5c70302_a7a1b602
time = 4284800:  Packet SENT: payload=56bea1da_2386f557
time = 4284800:  Packet SENT: payload=1c406c1c_1da65332
time = 4284800:  Packet SENT: payload=50eff451_52c0bcda
time = 4284800:  Packet SENT: payload=2d8680a2_ba6d5793
time = 4284800:  Packet SENT: payload=a4bd89dc_08899172
time = 4284800:  Packet SENT: payload=2169fe14_1cac9eaa
time = 4284800:  Packet SENT: payload=146d7210_e1bb05c8
time = 4284800:  Packet SENT: payload=1dcf6922_51807115
time = 4284800:  Packet SENT: payload=bb1dec39_97397cea
time = 4284800:  Packet SENT: payload=defd00eb_9e372056
time = 4284800:  Packet SENT: payload=0be2ea4f_45df7a21
time = 4284800:  Packet SENT: payload=2f5c421a_60f41509
time = 4284800:  Packet SENT: payload=41348ed1_9355c778
time = 4284800:  Packet SENT: payload=1893e80d_61528ada
time = 4284800:  Packet SENT: payload=f4efc432_98d125ec
time = 4284800:  Packet SENT: payload=055f5f97_19ec6f11
time = 4284800:  Packet SENT: payload=0775e72f_8de8acea
time = 4284800:  Packet SENT: payload=ea56c496_a73e3c33
time = 4284800:  Packet SENT: payload=fea36138_b6226eb4
time = 4284800:  Packet SENT: payload=af246fa2_2e4f9f9d
time = 4284800:  Packet SENT: payload=124e3bf3_73f1bcc3
time = 4284800:  Packet SENT: payload=4a160d5a_e6a647d1
time = 4284800:  Packet SENT: payload=5ac124f8_d358d802
time = 4284800:  Packet SENT: payload=3e7df8de_90f95952
time = 4284800:  Packet SENT: payload=c0f304cb_29dea4ef
time = 4284800:  Packet SENT: payload=3fe7be14_cf69b147
time = 4284800:  Packet SENT: payload=44ea6b23_27374f95
time = 4284800:  Packet SENT: payload=ee62dec3_5c6ee071
time = 4284800:  Packet SENT: payload=e8753183_ad4d78c8
time = 4284800:  Packet SENT: payload=8eb48914_ea802de4
time = 4284800:  Packet SENT: payload=0e0e8745_745bcb70
time = 4284800:  Packet SENT: payload=9bb013f6_82564276
time = 4284800:  Packet SENT: payload=a8dca814_d6bf6231
time = 4284800:  Packet SENT: payload=8446a705_3a54c71c
time = 4284800:  Packet SENT: payload=110570f9_62dee750
time = 4284800:  Packet SENT: payload=19f0299b_e4451800
time = 4284800:  Packet SENT: payload=b1d1a68b_817b54c5
time = 4284800:  Packet SENT: payload=8709c595_cae0f4fc
time = 4284800:  Packet SENT: payload=e7af1b9c_89948aba
time = 4284800:  Packet SENT: payload=60f5fb68_4ae977c8
time = 4284800:  Packet SENT: payload=1ae43e4f_73542499
time = 4284800:  Packet SENT: payload=7c410ade_961ba57a
time = 4284800:  Packet SENT: payload=80a530be_c389c074
time = 4284800:  Packet SENT: payload=b5a0876c_741df5e1
time = 4284800:  Packet SENT: payload=2e03d798_b44dfc6f
time = 4284800:  Packet SENT: payload=7f3b7520_2529f817
time = 4284800:  Packet SENT: payload=d966f2c9_b09ac36f
time = 4284800:  Packet SENT: payload=36730025_f7846fbd
time = 4284800:  Packet SENT: payload=ab132fbb_8b3a71b4
time = 4284800:  Packet SENT: payload=3fd54a9d_147a0b29
time = 4284800:  Packet SENT: payload=999877a9_5a170857
time = 4284800:  Packet SENT: payload=f636a7b2_413b4cbe
time = 4284800:  Packet SENT: payload=821af494_358c2a97
time = 4284800:  Packet SENT: payload=20efd3d2_86ed4244
time = 4284800:  Packet SENT: payload=cb445ef2_e1d45fab
time = 4284800:  Packet SENT: payload=91ce10d8_3e09e0c1
time = 4284800:  Packet SENT: payload=02be6c97_cb997e4c
time = 4284800:  Packet SENT: payload=788c0341_1b076b67
time = 4284800:  Packet SENT: payload=13de5617_c37aebd7
time = 4284800:  Packet SENT: payload=e0552de9_88f881cf
time = 4284800:  Packet SENT: payload=36c0d65d_0e359ea2
time = 4284800:  Packet SENT: payload=d0e4151e_c956645a
time = 4284800:  Packet SENT: payload=a376945e_5f687f96
time = 4284800:  Packet SENT: payload=9a5501eb_c06a4eb1
time = 4284800:  Packet SENT: payload=f8055a4c_0c2c2d07
time = 4284800:  Packet SENT: payload=46d72397_733d3c84
time = 4284800:  Packet SENT: payload=89c96e09_6103bfd4
time = 4284800:  Packet SENT: payload=aef3bd58_38b4545e
time = 4284800:  Packet SENT: payload=2ca95cb1_5926d4d3
time = 4284800:  Packet SENT: payload=60997fb2_697d2806
time = 4284800:  Packet SENT: payload=550bf2ad_61f43c10
time = 4284800:  Packet SENT: payload=2d27c79e_1ba9e7f3
time = 4284800:  Packet SENT: payload=163492a4_490da279
time = 4284800:  Packet SENT: payload=0e150a29_c8432486
time = 4284800:  Packet SENT: payload=391c8c84_8aef124d
time = 4284800:  Packet SENT: payload=018f5678_feff3f86
time = 4284800:  Packet SENT: payload=7a872515_fe7c1b5a
time = 4284800:  Packet SENT: payload=5b6adc3f_23ecba84
time = 4284800:  Packet SENT: payload=3f381b58_34f06cd2
time = 4284800:  Packet SENT: payload=bd9204f0_09135b3f
time = 4284800:  Packet SENT: payload=3a6c36dc_10cb3148
time = 4284800:  Packet SENT: payload=4d6bf3fd_c6db89f0
time = 4284800:  Packet SENT: payload=05acb212_76ba085c
time = 4284800:  Packet SENT: payload=cc2143c5_ade2c860
time = 4284800:  Packet SENT: payload=f4c9c985_b4e4bafd
time = 4284800:  Packet SENT: payload=9520b8fb_cb45e967
time = 4284800:  Packet SENT: payload=fa8f5b7a_448de518
time = 4284800:  Packet SENT: payload=fae29830_0c289cb7
time = 4284800:  Packet SENT: payload=7f893c72_1d8651e5
time = 4284800:  Packet SENT: payload=820b64c0_0d94ea23
time = 4284800:  Packet SENT: payload=c5074d24_487d14a6
time = 4284800:  Packet SENT: payload=a717a016_ea7c553b
time = 4284800:  Packet SENT: payload=a5a5d993_79824f43
time = 4284800:  Packet SENT: payload=afcfd8b4_c585f8c5
time = 4284800:  Packet SENT: payload=981f9365_d39d4279
time = 4284800:  Packet SENT: payload=d7533869_61fe2684
time = 4284800:  Packet SENT: payload=36f28244_d28a4781
time = 4284800:  Packet SENT: payload=ba56dd96_d184f8b2
time = 4284800:  Packet SENT: payload=27f7ac05_e9e94657
time = 4284800:  Packet SENT: payload=ee0feb33_fec90ce0
time = 4284800:  Packet SENT: payload=8a6cda1d_f82510b2
time = 4284800:  Packet SENT: payload=98b8b0f9_bc903882
time = 4284800:  Packet SENT: payload=353b4a03_bf4cbbf7
time = 4284800:  Packet SENT: payload=45784825_628e6a59
time = 4284800:  Packet SENT: payload=cc0fe426_7f7d5636
time = 4284800:  Packet SENT: payload=9b99daa8_9adde6b1
time = 4284800:  Packet SENT: payload=284d774f_14c73e02
time = 4284800:  Packet SENT: payload=683d4eb4_0498830a
time = 4284800:  Packet SENT: payload=95b21ea5_0cadf1d5
time = 4284800:  Packet SENT: payload=8fb872a6_3f458c0a
time = 4284800:  Packet SENT: payload=581cadd8_0c59efec
time = 4284800:  Packet SENT: payload=de614eb3_8f578d71
time = 4284800:  Packet SENT: payload=fa14d009_df264aaa
time = 4284800:  Packet SENT: payload=4e47811c_0f038ee6
time = 4284800:  Packet SENT: payload=00b18b6b_32949680
time = 4284800:  Packet SENT: payload=004311de_d00826ef
time = 4284800:  Packet SENT: payload=00058a0f_7d2b8f56
time = 4284800:  Packet SENT: payload=19f3d8b1_d2000cc1
time = 4284800:  Packet SENT: payload=8369399e_e6beff5a
time = 4284800:  Packet SENT: payload=99e11310_564501e3
time = 4284800:  Packet SENT: payload=aca56e79_eda7699e
time = 4284800:  Packet SENT: payload=d8d1a134_12fd7dd3
time = 4284800:  Packet SENT: payload=053cc07f_204e834d
time = 4284800:  Packet SENT: payload=9967a289_22f1df68
time = 4284800:  Packet SENT: payload=85024604_f37b14af
time = 4284800:  Packet SENT: payload=8fb6a80b_79272a1f
time = 4284800:  Packet SENT: payload=a664e81a_17e8ead5
time = 4284800:  Packet SENT: payload=5181b1bd_e56537fe
time = 4284800:  Packet SENT: payload=8e83a4fc_bffd344b
time = 4284800:  Packet SENT: payload=1f79192d_61d107ce
time = 4284800:  Packet SENT: payload=4b61e748_79f5f5e4
time = 4284800:  Packet SENT: payload=9484eda1_8f1c165b
time = 4284800:  Packet SENT: payload=f7cef04a_ad485f0b
time = 4284800:  Packet SENT: payload=860074e4_6f994d51
time = 4284800:  Packet SENT: payload=0b23b3ad_74b38cce
time = 4284800:  Packet SENT: payload=f2f92393_23cbd15d
time = 4284800:  Packet SENT: payload=b61ba7bd_6b9c0a81
time = 4284800:  Packet SENT: payload=5dbd75d6_eea06c45
time = 4284800:  Packet SENT: payload=9048591f_3594b962
time = 4284800:  Packet SENT: payload=981598f3_50fae023
time = 4284800:  Packet SENT: payload=807a8ed7_74fb78cc
time = 4284800:  Packet SENT: payload=353e2cab_1068ab12
time = 4284800:  Packet SENT: payload=ef56ff18_0909ba80
time = 4284800:  Packet SENT: payload=1c989f58_5712c7da
time = 4284800:  Packet SENT: payload=59bd2a9a_ff99ad42
time = 4284800:  Packet SENT: payload=41644050_69d5d644
time = 4284800:  Packet SENT: payload=159a2340_93b4fbbe
time = 4284800:  Packet SENT: payload=7850630d_974f32bf
time = 4284800:  Packet SENT: payload=c8140000_00000000
============================PACKET #14======================
time = 4438400:  Packet SENT: DST ADDR =cc108f28cbba, SRC ADDR =7d7ce245c0a9, ETHER TYPE =86dd, PAYLOAD SIZE =00000052
 
time = 4438400:  Packet SENT: payload=83ce893a_8057f412
time = 4438400:  Packet SENT: payload=74a852b4_0b1a1471
time = 4438400:  Packet SENT: payload=ce4e0ee2_8ac53121
time = 4438400:  Packet SENT: payload=9f462db2_ebdd84d5
time = 4438400:  Packet SENT: payload=812cd83b_f105f3d1
time = 4438400:  Packet SENT: payload=4f2239b9_a1967908
time = 4438400:  Packet SENT: payload=756cc050_ff8d9f22
time = 4438400:  Packet SENT: payload=15fb26d0_58336c42
time = 4438400:  Packet SENT: payload=abd5b547_64a67cc3
time = 4438400:  Packet SENT: payload=8c5df88f_5f2bd60b
time = 4438400:  Packet SENT: payload=e40e0000_00000000
============================PACKET RECEIVED======================
time = 4553600:  Packet RECEIVE: DST ADDR =fb45caa3067e, SRC ADDR =1436ee7f2434, ETHER TYPE =86dd, PAYLOAD SIZE =00000642
 
time = 4553600:  Packet RECEIVE: payload=4d9b7553_28cdf1b0
time = 4553600:  Packet RECEIVE: payload=09b20bc1_b2bd446d
time = 4553600:  Packet RECEIVE: payload=1c67dcf8_fc63fe3b
time = 4553600:  Packet RECEIVE: payload=e8c82198_b73c0b94
time = 4553600:  Packet RECEIVE: payload=fcc26e25_c66c1aee
time = 4553600:  Packet RECEIVE: payload=4143e0f6_ef8fc633
time = 4553600:  Packet RECEIVE: payload=9dce4111_f087d0e5
time = 4553600:  Packet RECEIVE: payload=583061af_912a03be
time = 4553600:  Packet RECEIVE: payload=3e200ae1_7875d6c0
time = 4553600:  Packet RECEIVE: payload=22a7ae3b_4f5f208a
time = 4553600:  Packet RECEIVE: payload=3f2cddc5_a5626849
time = 4553600:  Packet RECEIVE: payload=d9800c15_f8b59491
time = 4553600:  Packet RECEIVE: payload=0a4bc5f5_5e00fa59
time = 4553600:  Packet RECEIVE: payload=6ff4fd53_9013ad16
time = 4553600:  Packet RECEIVE: payload=2a6f5708_a0fee0d0
time = 4553600:  Packet RECEIVE: payload=5f6ece02_cc0fd04a
time = 4553600:  Packet RECEIVE: payload=6b8cf567_9aa30dee
time = 4553600:  Packet RECEIVE: payload=aedd61cb_b4cf309a
time = 4553600:  Packet RECEIVE: payload=55a19abe_abcc299f
time = 4553600:  Packet RECEIVE: payload=81095efc_05f6a8b9
time = 4553600:  Packet RECEIVE: payload=c09149d0_fcb75db8
time = 4553600:  Packet RECEIVE: payload=e7b50abd_bd839f62
time = 4553600:  Packet RECEIVE: payload=971d303b_0d083b4f
time = 4553600:  Packet RECEIVE: payload=eb188b88_357d4b91
time = 4553600:  Packet RECEIVE: payload=39665538_8ee23888
time = 4553600:  Packet RECEIVE: payload=407de0e3_c6b84d3d
time = 4553600:  Packet RECEIVE: payload=ffdeed04_02a8b6f7
time = 4553600:  Packet RECEIVE: payload=0bfc011a_80ed1c5e
time = 4553600:  Packet RECEIVE: payload=aa06c4b1_73a48703
time = 4553600:  Packet RECEIVE: payload=4a907956_66a62dcc
time = 4553600:  Packet RECEIVE: payload=69dc7a6b_789f68fe
time = 4553600:  Packet RECEIVE: payload=2214fcce_ab8e66e1
time = 4553600:  Packet RECEIVE: payload=af0ef060_dffe43e9
time = 4553600:  Packet RECEIVE: payload=06805172_3e43dbc3
time = 4553600:  Packet RECEIVE: payload=dbdb3f41_1e180546
time = 4553600:  Packet RECEIVE: payload=e449bf3a_abc9da77
time = 4553600:  Packet RECEIVE: payload=267b9c50_c09c7a16
time = 4553600:  Packet RECEIVE: payload=a47f1746_a6a4a5b3
time = 4553600:  Packet RECEIVE: payload=99250ec4_8e2cb33d
time = 4553600:  Packet RECEIVE: payload=9f422a76_64349f32
time = 4553600:  Packet RECEIVE: payload=acc89381_0201a07a
time = 4553600:  Packet RECEIVE: payload=6793e744_fa29ddd9
time = 4553600:  Packet RECEIVE: payload=50ee57e4_d6c19145
time = 4553600:  Packet RECEIVE: payload=f798022c_1e231236
time = 4553600:  Packet RECEIVE: payload=42a1e7d2_2338da87
time = 4553600:  Packet RECEIVE: payload=aa2ac14d_22d54bff
time = 4553600:  Packet RECEIVE: payload=2d5c4540_1adeeb0d
time = 4553600:  Packet RECEIVE: payload=a3ec9af1_0cd02f66
time = 4553600:  Packet RECEIVE: payload=cf4b04aa_376d54da
time = 4553600:  Packet RECEIVE: payload=16792b08_336873b8
time = 4553600:  Packet RECEIVE: payload=1f81b035_cdaa3522
time = 4553600:  Packet RECEIVE: payload=b5c70302_a7a1b602
time = 4553600:  Packet RECEIVE: payload=56bea1da_2386f557
time = 4553600:  Packet RECEIVE: payload=1c406c1c_1da65332
time = 4553600:  Packet RECEIVE: payload=50eff451_52c0bcda
time = 4553600:  Packet RECEIVE: payload=2d8680a2_ba6d5793
time = 4553600:  Packet RECEIVE: payload=a4bd89dc_08899172
time = 4553600:  Packet RECEIVE: payload=2169fe14_1cac9eaa
time = 4553600:  Packet RECEIVE: payload=146d7210_e1bb05c8
time = 4553600:  Packet RECEIVE: payload=1dcf6922_51807115
time = 4553600:  Packet RECEIVE: payload=bb1dec39_97397cea
time = 4553600:  Packet RECEIVE: payload=defd00eb_9e372056
time = 4553600:  Packet RECEIVE: payload=0be2ea4f_45df7a21
time = 4553600:  Packet RECEIVE: payload=2f5c421a_60f41509
time = 4553600:  Packet RECEIVE: payload=41348ed1_9355c778
time = 4553600:  Packet RECEIVE: payload=1893e80d_61528ada
time = 4553600:  Packet RECEIVE: payload=f4efc432_98d125ec
time = 4553600:  Packet RECEIVE: payload=055f5f97_19ec6f11
time = 4553600:  Packet RECEIVE: payload=0775e72f_8de8acea
time = 4553600:  Packet RECEIVE: payload=ea56c496_a73e3c33
time = 4553600:  Packet RECEIVE: payload=fea36138_b6226eb4
time = 4553600:  Packet RECEIVE: payload=af246fa2_2e4f9f9d
time = 4553600:  Packet RECEIVE: payload=124e3bf3_73f1bcc3
time = 4553600:  Packet RECEIVE: payload=4a160d5a_e6a647d1
time = 4553600:  Packet RECEIVE: payload=5ac124f8_d358d802
time = 4553600:  Packet RECEIVE: payload=3e7df8de_90f95952
time = 4553600:  Packet RECEIVE: payload=c0f304cb_29dea4ef
time = 4553600:  Packet RECEIVE: payload=3fe7be14_cf69b147
time = 4553600:  Packet RECEIVE: payload=44ea6b23_27374f95
time = 4553600:  Packet RECEIVE: payload=ee62dec3_5c6ee071
time = 4553600:  Packet RECEIVE: payload=e8753183_ad4d78c8
time = 4553600:  Packet RECEIVE: payload=8eb48914_ea802de4
time = 4553600:  Packet RECEIVE: payload=0e0e8745_745bcb70
time = 4553600:  Packet RECEIVE: payload=9bb013f6_82564276
time = 4553600:  Packet RECEIVE: payload=a8dca814_d6bf6231
time = 4553600:  Packet RECEIVE: payload=8446a705_3a54c71c
time = 4553600:  Packet RECEIVE: payload=110570f9_62dee750
time = 4553600:  Packet RECEIVE: payload=19f0299b_e4451800
time = 4553600:  Packet RECEIVE: payload=b1d1a68b_817b54c5
time = 4553600:  Packet RECEIVE: payload=8709c595_cae0f4fc
time = 4553600:  Packet RECEIVE: payload=e7af1b9c_89948aba
time = 4553600:  Packet RECEIVE: payload=60f5fb68_4ae977c8
time = 4553600:  Packet RECEIVE: payload=1ae43e4f_73542499
time = 4553600:  Packet RECEIVE: payload=7c410ade_961ba57a
time = 4553600:  Packet RECEIVE: payload=80a530be_c389c074
time = 4553600:  Packet RECEIVE: payload=b5a0876c_741df5e1
time = 4553600:  Packet RECEIVE: payload=2e03d798_b44dfc6f
time = 4553600:  Packet RECEIVE: payload=7f3b7520_2529f817
time = 4553600:  Packet RECEIVE: payload=d966f2c9_b09ac36f
time = 4553600:  Packet RECEIVE: payload=36730025_f7846fbd
time = 4553600:  Packet RECEIVE: payload=ab132fbb_8b3a71b4
time = 4553600:  Packet RECEIVE: payload=3fd54a9d_147a0b29
time = 4553600:  Packet RECEIVE: payload=999877a9_5a170857
time = 4553600:  Packet RECEIVE: payload=f636a7b2_413b4cbe
time = 4553600:  Packet RECEIVE: payload=821af494_358c2a97
time = 4553600:  Packet RECEIVE: payload=20efd3d2_86ed4244
time = 4553600:  Packet RECEIVE: payload=cb445ef2_e1d45fab
time = 4553600:  Packet RECEIVE: payload=91ce10d8_3e09e0c1
time = 4553600:  Packet RECEIVE: payload=02be6c97_cb997e4c
time = 4553600:  Packet RECEIVE: payload=788c0341_1b076b67
time = 4553600:  Packet RECEIVE: payload=13de5617_c37aebd7
time = 4553600:  Packet RECEIVE: payload=e0552de9_88f881cf
time = 4553600:  Packet RECEIVE: payload=36c0d65d_0e359ea2
time = 4553600:  Packet RECEIVE: payload=d0e4151e_c956645a
time = 4553600:  Packet RECEIVE: payload=a376945e_5f687f96
time = 4553600:  Packet RECEIVE: payload=9a5501eb_c06a4eb1
time = 4553600:  Packet RECEIVE: payload=f8055a4c_0c2c2d07
time = 4553600:  Packet RECEIVE: payload=46d72397_733d3c84
time = 4553600:  Packet RECEIVE: payload=89c96e09_6103bfd4
time = 4553600:  Packet RECEIVE: payload=aef3bd58_38b4545e
time = 4553600:  Packet RECEIVE: payload=2ca95cb1_5926d4d3
time = 4553600:  Packet RECEIVE: payload=60997fb2_697d2806
time = 4553600:  Packet RECEIVE: payload=550bf2ad_61f43c10
time = 4553600:  Packet RECEIVE: payload=2d27c79e_1ba9e7f3
time = 4553600:  Packet RECEIVE: payload=163492a4_490da279
time = 4553600:  Packet RECEIVE: payload=0e150a29_c8432486
time = 4553600:  Packet RECEIVE: payload=391c8c84_8aef124d
time = 4553600:  Packet RECEIVE: payload=018f5678_feff3f86
time = 4553600:  Packet RECEIVE: payload=7a872515_fe7c1b5a
time = 4553600:  Packet RECEIVE: payload=5b6adc3f_23ecba84
time = 4553600:  Packet RECEIVE: payload=3f381b58_34f06cd2
time = 4553600:  Packet RECEIVE: payload=bd9204f0_09135b3f
time = 4553600:  Packet RECEIVE: payload=3a6c36dc_10cb3148
time = 4553600:  Packet RECEIVE: payload=4d6bf3fd_c6db89f0
time = 4553600:  Packet RECEIVE: payload=05acb212_76ba085c
time = 4553600:  Packet RECEIVE: payload=cc2143c5_ade2c860
time = 4553600:  Packet RECEIVE: payload=f4c9c985_b4e4bafd
time = 4553600:  Packet RECEIVE: payload=9520b8fb_cb45e967
time = 4553600:  Packet RECEIVE: payload=fa8f5b7a_448de518
time = 4553600:  Packet RECEIVE: payload=fae29830_0c289cb7
time = 4553600:  Packet RECEIVE: payload=7f893c72_1d8651e5
time = 4553600:  Packet RECEIVE: payload=820b64c0_0d94ea23
time = 4553600:  Packet RECEIVE: payload=c5074d24_487d14a6
time = 4553600:  Packet RECEIVE: payload=a717a016_ea7c553b
time = 4553600:  Packet RECEIVE: payload=a5a5d993_79824f43
time = 4553600:  Packet RECEIVE: payload=afcfd8b4_c585f8c5
time = 4553600:  Packet RECEIVE: payload=981f9365_d39d4279
time = 4553600:  Packet RECEIVE: payload=d7533869_61fe2684
time = 4553600:  Packet RECEIVE: payload=36f28244_d28a4781
time = 4553600:  Packet RECEIVE: payload=ba56dd96_d184f8b2
time = 4553600:  Packet RECEIVE: payload=27f7ac05_e9e94657
time = 4553600:  Packet RECEIVE: payload=ee0feb33_fec90ce0
time = 4553600:  Packet RECEIVE: payload=8a6cda1d_f82510b2
time = 4553600:  Packet RECEIVE: payload=98b8b0f9_bc903882
time = 4553600:  Packet RECEIVE: payload=353b4a03_bf4cbbf7
time = 4553600:  Packet RECEIVE: payload=45784825_628e6a59
time = 4553600:  Packet RECEIVE: payload=cc0fe426_7f7d5636
time = 4553600:  Packet RECEIVE: payload=9b99daa8_9adde6b1
time = 4553600:  Packet RECEIVE: payload=284d774f_14c73e02
time = 4553600:  Packet RECEIVE: payload=683d4eb4_0498830a
time = 4553600:  Packet RECEIVE: payload=95b21ea5_0cadf1d5
time = 4553600:  Packet RECEIVE: payload=8fb872a6_3f458c0a
time = 4553600:  Packet RECEIVE: payload=581cadd8_0c59efec
time = 4553600:  Packet RECEIVE: payload=de614eb3_8f578d71
time = 4553600:  Packet RECEIVE: payload=fa14d009_df264aaa
time = 4553600:  Packet RECEIVE: payload=4e47811c_0f038ee6
time = 4553600:  Packet RECEIVE: payload=00b18b6b_32949680
time = 4553600:  Packet RECEIVE: payload=004311de_d00826ef
time = 4553600:  Packet RECEIVE: payload=00058a0f_7d2b8f56
time = 4553600:  Packet RECEIVE: payload=19f3d8b1_d2000cc1
time = 4553600:  Packet RECEIVE: payload=8369399e_e6beff5a
time = 4553600:  Packet RECEIVE: payload=99e11310_564501e3
time = 4553600:  Packet RECEIVE: payload=aca56e79_eda7699e
time = 4553600:  Packet RECEIVE: payload=d8d1a134_12fd7dd3
time = 4553600:  Packet RECEIVE: payload=053cc07f_204e834d
time = 4553600:  Packet RECEIVE: payload=9967a289_22f1df68
time = 4553600:  Packet RECEIVE: payload=85024604_f37b14af
time = 4553600:  Packet RECEIVE: payload=8fb6a80b_79272a1f
time = 4553600:  Packet RECEIVE: payload=a664e81a_17e8ead5
time = 4553600:  Packet RECEIVE: payload=5181b1bd_e56537fe
time = 4553600:  Packet RECEIVE: payload=8e83a4fc_bffd344b
time = 4553600:  Packet RECEIVE: payload=1f79192d_61d107ce
time = 4553600:  Packet RECEIVE: payload=4b61e748_79f5f5e4
time = 4553600:  Packet RECEIVE: payload=9484eda1_8f1c165b
time = 4553600:  Packet RECEIVE: payload=f7cef04a_ad485f0b
time = 4553600:  Packet RECEIVE: payload=860074e4_6f994d51
time = 4553600:  Packet RECEIVE: payload=0b23b3ad_74b38cce
time = 4553600:  Packet RECEIVE: payload=f2f92393_23cbd15d
time = 4553600:  Packet RECEIVE: payload=b61ba7bd_6b9c0a81
time = 4553600:  Packet RECEIVE: payload=5dbd75d6_eea06c45
time = 4553600:  Packet RECEIVE: payload=9048591f_3594b962
time = 4553600:  Packet RECEIVE: payload=981598f3_50fae023
time = 4553600:  Packet RECEIVE: payload=807a8ed7_74fb78cc
time = 4553600:  Packet RECEIVE: payload=353e2cab_1068ab12
time = 4553600:  Packet RECEIVE: payload=ef56ff18_0909ba80
time = 4553600:  Packet RECEIVE: payload=1c989f58_5712c7da
time = 4553600:  Packet RECEIVE: payload=59bd2a9a_ff99ad42
time = 4553600:  Packet RECEIVE: payload=41644050_69d5d644
time = 4553600:  Packet RECEIVE: payload=159a2340_93b4fbbe
time = 4553600:  Packet RECEIVE: payload=7850630d_974f32bf
time = 4553600:  Packet RECEIVE: payload=c8140000_00000000
time=4553600 ------------SCOREBOARD: PACKET VERIFIED-------

============================PACKET RECEIVED======================
time = 4707200:  Packet RECEIVE: DST ADDR =cc108f28cbba, SRC ADDR =7d7ce245c0a9, ETHER TYPE =86dd, PAYLOAD SIZE =00000052
 
time = 4707200:  Packet RECEIVE: payload=83ce893a_8057f412
time = 4707200:  Packet RECEIVE: payload=74a852b4_0b1a1471
time = 4707200:  Packet RECEIVE: payload=ce4e0ee2_8ac53121
time = 4707200:  Packet RECEIVE: payload=9f462db2_ebdd84d5
time = 4707200:  Packet RECEIVE: payload=812cd83b_f105f3d1
time = 4707200:  Packet RECEIVE: payload=4f2239b9_a1967908
time = 4707200:  Packet RECEIVE: payload=756cc050_ff8d9f22
time = 4707200:  Packet RECEIVE: payload=15fb26d0_58336c42
time = 4707200:  Packet RECEIVE: payload=abd5b547_64a67cc3
time = 4707200:  Packet RECEIVE: payload=8c5df88f_5f2bd60b
time = 4707200:  Packet RECEIVE: payload=e40e0000_00000000
time=4707200 ------------SCOREBOARD: PACKET VERIFIED-------

$finish called from file "/home/sf100212/SV_Project/testcases/oversize_packet/testcase6.sv", line 49.
================================End of Display==================================
$finish at simulation time              5050000

---------------------------------------------------------------------------
VCS Coverage Metrics: during simulation line, cond, FSM, branch, path, tgl was monitored
---------------------------------------------------------------------------
           V C S   S i m u l a t i o n   R e p o r t 
Time: 5050000 ps
CPU Time:      0.480 seconds;       Data structure size:   0.3Mb
Fri Feb  9 12:49:16 2018
CPU time: .847 seconds to compile + .295 seconds to elab + .107 seconds to link + .610 seconds in simulation
